<?xml version="1.0" encoding="UTF-8"?>
<!-- Generated by org.testng.reporters.JUnitXMLReporter -->
<testsuite ignored="0" hostname="DESKTOP-6ETQOV3" failures="1" tests="4" name="Test" time="134.766" errors="0" timestamp="2020-10-06T00:51:05 SGT">
  <testcase classname="academy.ValidateNavBar" name="basePageNavigation" time="56.018"/>
  <testcase classname="academy.HomePage" name="basePageNavigation" time="20.689"/>
  <testcase classname="academy.HomePage" name="basePageNavigation" time="27.209"/>
  <testcase classname="academy.ValidateTitle" name="basePageNavigation" time="25.561">
    <failure type="java.lang.AssertionError" message="expected [Featured Course] but found [FEATURED COURSES]">
      <![CDATA[java.lang.AssertionError: expected [Featured Course] but found [FEATURED COURSES]
at academy.ValidateTitle.basePageNavigation(ValidateTitle.java:23)
at java.base/java.util.ArrayList.forEach(ArrayList.java:1541)
... Removed 32 stack frames]]>
    </failure>
  </testcase> <!-- basePageNavigation -->
</testsuite> <!-- Test -->
